Local checkpoint not found at ./checkpoints/continued/final
Falling back to base model: meta-llama/Meta-Llama-3.1-8B
Traceback (most recent call last):
  File "C:\Users\CHANDAN G\anaconda3\Lib\site-packages\huggingface_hub\utils\_http.py", line 402, in hf_raise_for_status
    response.raise_for_status()
    ~~~~~~~~~~~~~~~~~~~~~~~~~^^
  File "C:\Users\CHANDAN G\anaconda3\Lib\site-packages\requests\models.py", line 1026, in raise_for_status
    raise HTTPError(http_error_msg, response=self)
requests.exceptions.HTTPError: 401 Client Error: Unauthorized for url: https://huggingface.co/meta-llama/Meta-Llama-3.1-8B/resolve/main/config.json

The above exception was the direct cause of the following exception:

Traceback (most recent call last):
  File "C:\Users\CHANDAN G\anaconda3\Lib\site-packages\transformers\utils\hub.py", line 479, in cached_files
    hf_hub_download(
    ~~~~~~~~~~~~~~~^
        path_or_repo_id,
        ^^^^^^^^^^^^^^^^
    ...<10 lines>...
        local_files_only=local_files_only,
        ^^^^^^^^^^^^^^^^^^^^^^^^^^^^^^^^^^
    )
    ^
  File "C:\Users\CHANDAN G\anaconda3\Lib\site-packages\huggingface_hub\utils\_validators.py", line 114, in _inner_fn
    return fn(*args, **kwargs)
  File "C:\Users\CHANDAN G\anaconda3\Lib\site-packages\huggingface_hub\file_download.py", line 1007, in hf_hub_download
    return _hf_hub_download_to_cache_dir(
        # Destination
    ...<14 lines>...
        force_download=force_download,
    )
  File "C:\Users\CHANDAN G\anaconda3\Lib\site-packages\huggingface_hub\file_download.py", line 1114, in _hf_hub_download_to_cache_dir
    _raise_on_head_call_error(head_call_error, force_download, local_files_only)
    ~~~~~~~~~~~~~~~~~~~~~~~~~^^^^^^^^^^^^^^^^^^^^^^^^^^^^^^^^^^^^^^^^^^^^^^^^^^^
  File "C:\Users\CHANDAN G\anaconda3\Lib\site-packages\huggingface_hub\file_download.py", line 1655, in _raise_on_head_call_error
    raise head_call_error
  File "C:\Users\CHANDAN G\anaconda3\Lib\site-packages\huggingface_hub\file_download.py", line 1543, in _get_metadata_or_catch_error
    metadata = get_hf_file_metadata(
        url=url, proxies=proxies, timeout=etag_timeout, headers=headers, token=token, endpoint=endpoint
    )
  File "C:\Users\CHANDAN G\anaconda3\Lib\site-packages\huggingface_hub\utils\_validators.py", line 114, in _inner_fn
    return fn(*args, **kwargs)
  File "C:\Users\CHANDAN G\anaconda3\Lib\site-packages\huggingface_hub\file_download.py", line 1460, in get_hf_file_metadata
    r = _request_wrapper(
        method="HEAD",
    ...<5 lines>...
        timeout=timeout,
    )
  File "C:\Users\CHANDAN G\anaconda3\Lib\site-packages\huggingface_hub\file_download.py", line 283, in _request_wrapper
    response = _request_wrapper(
        method=method,
    ...<2 lines>...
        **params,
    )
  File "C:\Users\CHANDAN G\anaconda3\Lib\site-packages\huggingface_hub\file_download.py", line 307, in _request_wrapper
    hf_raise_for_status(response)
    ~~~~~~~~~~~~~~~~~~~^^^^^^^^^^
  File "C:\Users\CHANDAN G\anaconda3\Lib\site-packages\huggingface_hub\utils\_http.py", line 419, in hf_raise_for_status
    raise _format(GatedRepoError, message, response) from e
huggingface_hub.errors.GatedRepoError: 401 Client Error. (Request ID: Root=1-6923448a-334bd21143c14bbe34aff557;6cb0a970-364e-4fa0-8e83-9e1bb6bb3664)

Cannot access gated repo for url https://huggingface.co/meta-llama/Meta-Llama-3.1-8B/resolve/main/config.json.
Access to model meta-llama/Llama-3.1-8B is restricted. You must have access to it and be authenticated to access it. Please log in.

The above exception was the direct cause of the following exception:

Traceback (most recent call last):
  File "C:\Users\CHANDAN G\Desktop\project\FinOS\tenali-llm\training\train_instruction.py", line 128, in <module>
    trainer.load_model_with_lora()
    ~~~~~~~~~~~~~~~~~~~~~~~~~~~~^^
  File "C:\Users\CHANDAN G\Desktop\project\FinOS\tenali-llm\training\train_instruction.py", line 53, in load_model_with_lora
    self.tokenizer = AutoTokenizer.from_pretrained(model_id)
                     ~~~~~~~~~~~~~~~~~~~~~~~~~~~~~^^^^^^^^^^
  File "C:\Users\CHANDAN G\anaconda3\Lib\site-packages\transformers\models\auto\tokenization_auto.py", line 1093, in from_pretrained
    config = AutoConfig.from_pretrained(
        pretrained_model_name_or_path, trust_remote_code=trust_remote_code, **kwargs
    )
  File "C:\Users\CHANDAN G\anaconda3\Lib\site-packages\transformers\models\auto\configuration_auto.py", line 1332, in from_pretrained
    config_dict, unused_kwargs = PretrainedConfig.get_config_dict(pretrained_model_name_or_path, **kwargs)
                                 ~~~~~~~~~~~~~~~~~~~~~~~~~~~~~~~~^^^^^^^^^^^^^^^^^^^^^^^^^^^^^^^^^^^^^^^^^
  File "C:\Users\CHANDAN G\anaconda3\Lib\site-packages\transformers\configuration_utils.py", line 662, in get_config_dict
    config_dict, kwargs = cls._get_config_dict(pretrained_model_name_or_path, **kwargs)
                          ~~~~~~~~~~~~~~~~~~~~^^^^^^^^^^^^^^^^^^^^^^^^^^^^^^^^^^^^^^^^^
  File "C:\Users\CHANDAN G\anaconda3\Lib\site-packages\transformers\configuration_utils.py", line 721, in _get_config_dict
    resolved_config_file = cached_file(
        pretrained_model_name_or_path,
    ...<10 lines>...
        _commit_hash=commit_hash,
    )
  File "C:\Users\CHANDAN G\anaconda3\Lib\site-packages\transformers\utils\hub.py", line 322, in cached_file
    file = cached_files(path_or_repo_id=path_or_repo_id, filenames=[filename], **kwargs)
  File "C:\Users\CHANDAN G\anaconda3\Lib\site-packages\transformers\utils\hub.py", line 543, in cached_files
    raise OSError(
    ...<2 lines>...
    ) from e
OSError: You are trying to access a gated repo.
Make sure to have access to it at https://huggingface.co/meta-llama/Meta-Llama-3.1-8B.
401 Client Error. (Request ID: Root=1-6923448a-334bd21143c14bbe34aff557;6cb0a970-364e-4fa0-8e83-9e1bb6bb3664)

Cannot access gated repo for url https://huggingface.co/meta-llama/Meta-Llama-3.1-8B/resolve/main/config.json.
Access to model meta-llama/Llama-3.1-8B is restricted. You must have access to it and be authenticated to access it. Please log in.
